<?xml version="1.0" encoding="UTF-8"?>
<!-- Generated by org.testng.reporters.JUnitXMLReporter -->
<testsuite ignored="0" hostname="DESKTOP-R0NL5GO" failures="0" tests="4" name="Default test" time="25.755" errors="0" timestamp="2023-12-30T21:21:02 EST">
  <testcase classname="com.crm.qa.tests.HomePageTest" name="verifyHomePageTitle" time="0.017"/>
  <testcase classname="com.crm.qa.tests.HomePageTest" name="verifyUserNameTest" time="1.306"/>
  <testcase classname="com.crm.qa.tests.HomePageTest" name="contactsLinkTest" time="2.012"/>
  <testcase classname="com.crm.qa.tests.HomePageTest" name="newContactLinkTest" time="2.006"/>
</testsuite> <!-- Default test -->
