<?xml version="1.0" encoding="UTF-8"?>
<!-- Generated by org.testng.reporters.JUnitXMLReporter -->
<testsuite ignored="0" hostname="DESKTOP-R0NL5GO" failures="0" tests="4" name="FREE CRM Test Cases" time="38.969" errors="0" timestamp="2023-12-31T13:13:23 EST">
  <testcase classname="com.crm.qa.tests.HomePageTest" name="verifyHomePageTitle" time="0.069"/>
  <testcase classname="com.crm.qa.tests.HomePageTest" name="verifyUserNameTest" time="1.592"/>
  <testcase classname="com.crm.qa.tests.HomePageTest" name="contactsLinkTest" time="2.675"/>
  <testcase classname="com.crm.qa.tests.HomePageTest" name="newContactLinkTest" time="2.753"/>
</testsuite> <!-- FREE CRM Test Cases -->
