<?xml version="1.0" encoding="UTF-8"?>
<!-- Generated by org.testng.reporters.JUnitXMLReporter -->
<testsuite ignored="0" hostname="DESKTOP-R0NL5GO" failures="0" tests="4" name="FREE CRM Test Cases" time="32.074" errors="0" timestamp="2024-01-01T17:46:44 EST">
  <testcase classname="com.crm.qa.tests.HomePageTest" name="verifyHomePageTitle" time="0.028"/>
  <testcase classname="com.crm.qa.tests.HomePageTest" name="verifyUserNameTest" time="1.675"/>
  <testcase classname="com.crm.qa.tests.HomePageTest" name="contactsLinkTest" time="2.53"/>
  <testcase classname="com.crm.qa.tests.HomePageTest" name="newContactLinkTest" time="2.511"/>
</testsuite> <!-- FREE CRM Test Cases -->
