<?xml version="1.0" encoding="UTF-8"?>
<testng-results ignored="0" total="4" passed="4" failed="0" skipped="0">
  <reporter-output>
  </reporter-output>
  <suite started-at="2023-12-31T13:12:44 EST" name="FREE CRM Automation Test Suite" finished-at="2023-12-31T13:13:23 EST" duration-ms="38969">
    <groups>
    </groups>
    <test started-at="2023-12-31T13:12:44 EST" name="FREE CRM Test Cases" finished-at="2023-12-31T13:13:23 EST" duration-ms="38969">
      <class name="com.crm.qa.tests.HomePageTest">
        <test-method is-config="true" signature="setUp()[pri:0, instance:com.crm.qa.tests.HomePageTest@3b6ddd1d]" started-at="2023-12-31T13:12:44 EST" name="setUp" finished-at="2023-12-31T13:12:52 EST" duration-ms="7924" status="PASS">
          <reporter-output>
          </reporter-output>
        </test-method> <!-- setUp -->
        <test-method signature="verifyHomePageTitle()[pri:1, instance:com.crm.qa.tests.HomePageTest@3b6ddd1d]" started-at="2023-12-31T13:12:52 EST" name="verifyHomePageTitle" finished-at="2023-12-31T13:12:52 EST" duration-ms="69" status="PASS">
          <reporter-output>
          </reporter-output>
        </test-method> <!-- verifyHomePageTitle -->
        <test-method is-config="true" signature="tearDown()[pri:0, instance:com.crm.qa.tests.HomePageTest@3b6ddd1d]" started-at="2023-12-31T13:12:52 EST" name="tearDown" finished-at="2023-12-31T13:12:53 EST" duration-ms="1453" status="PASS">
          <reporter-output>
          </reporter-output>
        </test-method> <!-- tearDown -->
        <test-method is-config="true" signature="setUp()[pri:0, instance:com.crm.qa.tests.HomePageTest@3b6ddd1d]" started-at="2023-12-31T13:12:53 EST" name="setUp" finished-at="2023-12-31T13:13:00 EST" duration-ms="6834" status="PASS">
          <reporter-output>
          </reporter-output>
        </test-method> <!-- setUp -->
        <test-method signature="verifyUserNameTest()[pri:2, instance:com.crm.qa.tests.HomePageTest@3b6ddd1d]" started-at="2023-12-31T13:13:00 EST" name="verifyUserNameTest" finished-at="2023-12-31T13:13:02 EST" duration-ms="1592" status="PASS">
          <reporter-output>
          </reporter-output>
        </test-method> <!-- verifyUserNameTest -->
        <test-method is-config="true" signature="tearDown()[pri:0, instance:com.crm.qa.tests.HomePageTest@3b6ddd1d]" started-at="2023-12-31T13:13:02 EST" name="tearDown" finished-at="2023-12-31T13:13:03 EST" duration-ms="786" status="PASS">
          <reporter-output>
          </reporter-output>
        </test-method> <!-- tearDown -->
        <test-method is-config="true" signature="setUp()[pri:0, instance:com.crm.qa.tests.HomePageTest@3b6ddd1d]" started-at="2023-12-31T13:13:03 EST" name="setUp" finished-at="2023-12-31T13:13:09 EST" duration-ms="6072" status="PASS">
          <reporter-output>
          </reporter-output>
        </test-method> <!-- setUp -->
        <test-method signature="contactsLinkTest()[pri:3, instance:com.crm.qa.tests.HomePageTest@3b6ddd1d]" started-at="2023-12-31T13:13:09 EST" name="contactsLinkTest" finished-at="2023-12-31T13:13:11 EST" duration-ms="2675" status="PASS">
          <reporter-output>
          </reporter-output>
        </test-method> <!-- contactsLinkTest -->
        <test-method is-config="true" signature="tearDown()[pri:0, instance:com.crm.qa.tests.HomePageTest@3b6ddd1d]" started-at="2023-12-31T13:13:11 EST" name="tearDown" finished-at="2023-12-31T13:13:13 EST" duration-ms="1427" status="PASS">
          <reporter-output>
          </reporter-output>
        </test-method> <!-- tearDown -->
        <test-method is-config="true" signature="setUp()[pri:0, instance:com.crm.qa.tests.HomePageTest@3b6ddd1d]" started-at="2023-12-31T13:13:13 EST" name="setUp" finished-at="2023-12-31T13:13:19 EST" duration-ms="6606" status="PASS">
          <reporter-output>
          </reporter-output>
        </test-method> <!-- setUp -->
        <test-method signature="newContactLinkTest()[pri:4, instance:com.crm.qa.tests.HomePageTest@3b6ddd1d]" started-at="2023-12-31T13:13:19 EST" name="newContactLinkTest" finished-at="2023-12-31T13:13:22 EST" duration-ms="2753" status="PASS">
          <reporter-output>
          </reporter-output>
        </test-method> <!-- newContactLinkTest -->
        <test-method is-config="true" signature="tearDown()[pri:0, instance:com.crm.qa.tests.HomePageTest@3b6ddd1d]" started-at="2023-12-31T13:13:22 EST" name="tearDown" finished-at="2023-12-31T13:13:23 EST" duration-ms="671" status="PASS">
          <reporter-output>
          </reporter-output>
        </test-method> <!-- tearDown -->
      </class> <!-- com.crm.qa.tests.HomePageTest -->
    </test> <!-- FREE CRM Test Cases -->
  </suite> <!-- FREE CRM Automation Test Suite -->
</testng-results>
